c:\users\ceyhun.yucel\desktop\fıles\serversıde\engıne\release\vc142.pdb
c:\users\ceyhun.yucel\desktop\fıles\serversıde\engıne\release\glowtron.obj
c:\users\ceyhun.yucel\desktop\fıles\serversıde\engıne\release\glow.obj
c:\users\ceyhun.yucel\desktop\fıles\serversıde\engıne\release\font.obj
c:\users\ceyhun.yucel\desktop\fıles\serversıde\engıne\release\fogeffect.obj
c:\users\ceyhun.yucel\desktop\fıles\serversıde\engıne\release\fıxes.obj
c:\users\ceyhun.yucel\desktop\fıles\serversıde\engıne\release\exhp.obj
c:\users\ceyhun.yucel\desktop\fıles\serversıde\engıne\release\engıne.obj
c:\users\ceyhun.yucel\desktop\fıles\serversıde\engıne\release\effect.obj
c:\users\ceyhun.yucel\desktop\fıles\serversıde\engıne\release\drawframe.obj
c:\users\ceyhun.yucel\desktop\fıles\serversıde\engıne\release\dısplay.obj
c:\users\ceyhun.yucel\desktop\fıles\serversıde\engıne\release\damage.obj
c:\users\ceyhun.yucel\desktop\fıles\serversıde\engıne\release\control.obj
c:\users\ceyhun.yucel\desktop\fıles\serversıde\engıne\release\connectıon.obj
c:\users\ceyhun.yucel\desktop\fıles\serversıde\engıne\release\complete.obj
c:\users\ceyhun.yucel\desktop\fıles\serversıde\engıne\release\character.obj
c:\users\ceyhun.yucel\desktop\fıles\serversıde\engıne\release\camera.obj
c:\users\ceyhun.yucel\desktop\fıles\serversıde\engıne\release\bundles.obj
c:\users\ceyhun.yucel\desktop\fıles\serversıde\engıne\release\bows.obj
c:\users\ceyhun.yucel\desktop\fıles\serversıde\engıne\release\bmd.obj
c:\users\ceyhun.yucel\desktop\fıles\serversıde\engıne\release\bags.obj
c:\users\ceyhun.yucel\desktop\fıles\serversıde\engıne\release\scrıptencode.obj
c:\users\ceyhun.yucel\desktop\fıles\serversıde\engıne\release\reset.obj
c:\users\ceyhun.yucel\desktop\fıles\serversıde\engıne\release\protocol.obj
c:\users\ceyhun.yucel\desktop\fıles\serversıde\engıne\release\prevıew.obj
c:\users\ceyhun.yucel\desktop\fıles\serversıde\engıne\release\poınt.obj
c:\users\ceyhun.yucel\desktop\fıles\serversıde\engıne\release\playsound.obj
c:\users\ceyhun.yucel\desktop\fıles\serversıde\engıne\release\pets.obj
c:\users\ceyhun.yucel\desktop\fıles\serversıde\engıne\release\monster.obj
c:\users\ceyhun.yucel\desktop\fıles\serversıde\engıne\release\mobs.obj
c:\users\ceyhun.yucel\desktop\fıles\serversıde\engıne\release\mınımap.obj
c:\users\ceyhun.yucel\desktop\fıles\serversıde\engıne\release\maps.obj
c:\users\ceyhun.yucel\desktop\fıles\serversıde\engıne\release\loadsound.obj
c:\users\ceyhun.yucel\desktop\fıles\serversıde\engıne\release\loader.obj
c:\users\ceyhun.yucel\desktop\fıles\serversıde\engıne\release\launcher.obj
c:\users\ceyhun.yucel\desktop\fıles\serversıde\engıne\release\jewels.obj
c:\users\ceyhun.yucel\desktop\fıles\serversıde\engıne\release\ıtemsocket.obj
c:\users\ceyhun.yucel\desktop\fıles\serversıde\engıne\release\ıtemlevel.obj
c:\users\ceyhun.yucel\desktop\fıles\serversıde\engıne\release\ıtem.obj
c:\users\ceyhun.yucel\desktop\fıles\serversıde\engıne\release\ınterface.obj
c:\users\ceyhun.yucel\desktop\fıles\serversıde\engıne\release\graphıcs.obj
c:\users\ceyhun.yucel\desktop\fıles\serversıde\engıne\release\zzzmathlıb.obj
c:\users\ceyhun.yucel\desktop\fıles\serversıde\engıne\release\wıntıtle.obj
c:\users\ceyhun.yucel\desktop\fıles\serversıde\engıne\release\wıngs.obj
c:\users\ceyhun.yucel\desktop\fıles\serversıde\engıne\release\vısualfıx.obj
c:\users\ceyhun.yucel\desktop\fıles\serversıde\engıne\release\user.obj
c:\users\ceyhun.yucel\desktop\fıles\serversıde\engıne\release\tooltıp.obj
c:\users\ceyhun.yucel\desktop\fıles\serversıde\engıne\release\toolkıt.obj
c:\users\ceyhun.yucel\desktop\fıles\serversıde\engıne\release\splash.obj
c:\users\ceyhun.yucel\desktop\fıles\serversıde\engıne\release\smoke.obj
c:\users\ceyhun.yucel\desktop\fıles\serversıde\engıne\release\skybox.obj
c:\users\ceyhun.yucel\desktop\fıles\serversıde\engıne\release\skılls.obj
c:\users\ceyhun.yucel\desktop\fıles\serversıde\engıne\release\versıon.obj
c:\users\ceyhun.yucel\desktop\fıles\serversıde\engıne\release\engıne.dll
c:\users\ceyhun.yucel\desktop\fıles\serversıde\engıne\release\engıne.map
c:\users\ceyhun.yucel\desktop\fıles\serversıde\engıne\release\engıne.res
c:\users\ceyhun.yucel\desktop\files\serverside\engine\release\bags.obj
c:\users\ceyhun.yucel\desktop\files\serverside\engine\release\bmd.obj
c:\users\ceyhun.yucel\desktop\files\serverside\engine\release\bows.obj
c:\users\ceyhun.yucel\desktop\files\serverside\engine\release\bundles.obj
c:\users\ceyhun.yucel\desktop\files\serverside\engine\release\camera.obj
c:\users\ceyhun.yucel\desktop\files\serverside\engine\release\character.obj
c:\users\ceyhun.yucel\desktop\files\serverside\engine\release\complete.obj
c:\users\ceyhun.yucel\desktop\files\serverside\engine\release\connection.obj
c:\users\ceyhun.yucel\desktop\files\serverside\engine\release\control.obj
c:\users\ceyhun.yucel\desktop\files\serverside\engine\release\damage.obj
c:\users\ceyhun.yucel\desktop\files\serverside\engine\release\display.obj
c:\users\ceyhun.yucel\desktop\files\serverside\engine\release\drawframe.obj
c:\users\ceyhun.yucel\desktop\files\serverside\engine\release\effect.obj
c:\users\ceyhun.yucel\desktop\files\serverside\engine\release\engine.obj
c:\users\ceyhun.yucel\desktop\files\serverside\engine\release\exhp.obj
c:\users\ceyhun.yucel\desktop\files\serverside\engine\release\fixes.obj
c:\users\ceyhun.yucel\desktop\files\serverside\engine\release\fogeffect.obj
c:\users\ceyhun.yucel\desktop\files\serverside\engine\release\font.obj
c:\users\ceyhun.yucel\desktop\files\serverside\engine\release\glow.obj
c:\users\ceyhun.yucel\desktop\files\serverside\engine\release\glowtron.obj
c:\users\ceyhun.yucel\desktop\files\serverside\engine\release\graphics.obj
c:\users\ceyhun.yucel\desktop\files\serverside\engine\release\ınterface.obj
c:\users\ceyhun.yucel\desktop\files\serverside\engine\release\ıtem.obj
c:\users\ceyhun.yucel\desktop\files\serverside\engine\release\ıtemlevel.obj
c:\users\ceyhun.yucel\desktop\files\serverside\engine\release\ıtemsocket.obj
c:\users\ceyhun.yucel\desktop\files\serverside\engine\release\jewels.obj
c:\users\ceyhun.yucel\desktop\files\serverside\engine\release\launcher.obj
c:\users\ceyhun.yucel\desktop\files\serverside\engine\release\loader.obj
c:\users\ceyhun.yucel\desktop\files\serverside\engine\release\loadsound.obj
c:\users\ceyhun.yucel\desktop\files\serverside\engine\release\maps.obj
c:\users\ceyhun.yucel\desktop\files\serverside\engine\release\minimap.obj
c:\users\ceyhun.yucel\desktop\files\serverside\engine\release\mobs.obj
c:\users\ceyhun.yucel\desktop\files\serverside\engine\release\monster.obj
c:\users\ceyhun.yucel\desktop\files\serverside\engine\release\pets.obj
c:\users\ceyhun.yucel\desktop\files\serverside\engine\release\playsound.obj
c:\users\ceyhun.yucel\desktop\files\serverside\engine\release\point.obj
c:\users\ceyhun.yucel\desktop\files\serverside\engine\release\preview.obj
c:\users\ceyhun.yucel\desktop\files\serverside\engine\release\protocol.obj
c:\users\ceyhun.yucel\desktop\files\serverside\engine\release\reset.obj
c:\users\ceyhun.yucel\desktop\files\serverside\engine\release\scriptencode.obj
c:\users\ceyhun.yucel\desktop\files\serverside\engine\release\skills.obj
c:\users\ceyhun.yucel\desktop\files\serverside\engine\release\skybox.obj
c:\users\ceyhun.yucel\desktop\files\serverside\engine\release\smoke.obj
c:\users\ceyhun.yucel\desktop\files\serverside\engine\release\splash.obj
c:\users\ceyhun.yucel\desktop\files\serverside\engine\release\toolkit.obj
c:\users\ceyhun.yucel\desktop\files\serverside\engine\release\tooltip.obj
c:\users\ceyhun.yucel\desktop\files\serverside\engine\release\user.obj
c:\users\ceyhun.yucel\desktop\files\serverside\engine\release\version.obj
c:\users\ceyhun.yucel\desktop\files\serverside\engine\release\wings.obj
c:\users\ceyhun.yucel\desktop\files\serverside\engine\release\wintitle.obj
c:\users\ceyhun.yucel\desktop\files\serverside\engine\release\zzzmathlib.obj
c:\users\ceyhun.yucel\desktop\files\serverside\engine\release\engine.res
c:\users\ceyhun.yucel\desktop\files\serverside\engine\release\vc142.pdb
c:\users\ceyhun.yucel\desktop\files\serverside\engine\release\engine.tlog\cl.command.1.tlog
c:\users\ceyhun.yucel\desktop\files\serverside\engine\release\engine.tlog\cl.read.1.tlog
c:\users\ceyhun.yucel\desktop\files\serverside\engine\release\engine.tlog\cl.write.1.tlog
c:\users\ceyhun.yucel\desktop\files\serverside\engine\release\engine.tlog\link.command.1.tlog
c:\users\ceyhun.yucel\desktop\files\serverside\engine\release\engine.tlog\link.read.1.tlog
c:\users\ceyhun.yucel\desktop\files\serverside\engine\release\engine.tlog\link.write.1.tlog
c:\users\ceyhun.yucel\desktop\files\serverside\engine\release\engine.tlog\rc.command.1.tlog
c:\users\ceyhun.yucel\desktop\files\serverside\engine\release\engine.tlog\rc.read.1.tlog
c:\users\ceyhun.yucel\desktop\files\serverside\engine\release\engine.tlog\rc.write.1.tlog
